------Start of DE processing------ = [7.7.21 9:48:05:673 CEST]
Exception = java.lang.NullPointerException
Source = com.ibm.ws.webcontainer.filter.WebAppFilterManager.invokeFilters
probeid = 1105
Stack Dump = java.lang.NullPointerException
	at io.openliberty.guides.rest.SortByBest.postFormData(SortByBest.java:65)
	at sun.reflect.NativeMethodAccessorImpl.invoke0(Native Method)
	at sun.reflect.NativeMethodAccessorImpl.invoke(NativeMethodAccessorImpl.java:62)
	at sun.reflect.DelegatingMethodAccessorImpl.invoke(DelegatingMethodAccessorImpl.java:43)
	at java.lang.reflect.Method.invoke(Method.java:498)
	at com.ibm.ws.jaxrs20.server.LibertyJaxRsServerFactoryBean.performInvocation(LibertyJaxRsServerFactoryBean.java:656)
	at com.ibm.ws.jaxrs20.server.LibertyJaxRsInvoker.performInvocation(LibertyJaxRsInvoker.java:160)
	at org.apache.cxf.service.invoker.AbstractInvoker.invoke(AbstractInvoker.java:101)
	at com.ibm.ws.jaxrs20.server.LibertyJaxRsInvoker.invoke(LibertyJaxRsInvoker.java:273)
	at org.apache.cxf.jaxrs.JAXRSInvoker.invoke(JAXRSInvoker.java:213)
	at com.ibm.ws.jaxrs20.server.LibertyJaxRsInvoker.invoke(LibertyJaxRsInvoker.java:444)
	at org.apache.cxf.jaxrs.JAXRSInvoker.invoke(JAXRSInvoker.java:112)
	at org.apache.cxf.interceptor.ServiceInvokerInterceptor$1.run(ServiceInvokerInterceptor.java:59)
	at org.apache.cxf.interceptor.ServiceInvokerInterceptor.handleMessage(ServiceInvokerInterceptor.java:96)
	at org.apache.cxf.phase.PhaseInterceptorChain.doIntercept(PhaseInterceptorChain.java:308)
	at org.apache.cxf.transport.ChainInitiationObserver.onMessage(ChainInitiationObserver.java:123)
	at org.apache.cxf.transport.http.AbstractHTTPDestination.invoke(AbstractHTTPDestination.java:274)
	at com.ibm.ws.jaxrs20.endpoint.AbstractJaxRsWebEndpoint.invoke(AbstractJaxRsWebEndpoint.java:137)
	at com.ibm.websphere.jaxrs.server.IBMRestServlet.handleRequest(IBMRestServlet.java:146)
	at com.ibm.websphere.jaxrs.server.IBMRestServlet.doPost(IBMRestServlet.java:104)
	at javax.servlet.http.HttpServlet.service(HttpServlet.java:706)
	at com.ibm.websphere.jaxrs.server.IBMRestServlet.service(IBMRestServlet.java:96)
	at com.ibm.ws.webcontainer.servlet.ServletWrapper.service(ServletWrapper.java:1258)
	at com.ibm.ws.webcontainer.servlet.ServletWrapper.handleRequest(ServletWrapper.java:746)
	at com.ibm.ws.webcontainer.servlet.ServletWrapper.handleRequest(ServletWrapper.java:443)
	at com.ibm.ws.webcontainer.filter.WebAppFilterManager.invokeFilters(WebAppFilterManager.java:1227)
	at com.ibm.ws.webcontainer.filter.WebAppFilterManager.invokeFilters(WebAppFilterManager.java:1011)
	at com.ibm.ws.webcontainer.servlet.CacheServletWrapper.handleRequest(CacheServletWrapper.java:75)
	at com.ibm.ws.webcontainer40.servlet.CacheServletWrapper40.handleRequest(CacheServletWrapper40.java:85)
	at com.ibm.ws.webcontainer.WebContainer.handleRequest(WebContainer.java:938)
	at com.ibm.ws.webcontainer.osgi.DynamicVirtualHost$2.run(DynamicVirtualHost.java:279)
	at com.ibm.ws.http.dispatcher.internal.channel.HttpDispatcherLink$TaskWrapper.run(HttpDispatcherLink.java:1159)
	at com.ibm.ws.http.dispatcher.internal.channel.HttpDispatcherLink.wrapHandlerAndExecute(HttpDispatcherLink.java:428)
	at com.ibm.ws.http.dispatcher.internal.channel.HttpDispatcherLink.ready(HttpDispatcherLink.java:387)
	at com.ibm.ws.http.channel.internal.inbound.HttpInboundLink.handleDiscrimination(HttpInboundLink.java:566)
	at com.ibm.ws.http.channel.internal.inbound.HttpInboundLink.handleNewRequest(HttpInboundLink.java:500)
	at com.ibm.ws.http.channel.internal.inbound.HttpInboundLink.processRequest(HttpInboundLink.java:360)
	at com.ibm.ws.http.channel.internal.inbound.HttpInboundLink.ready(HttpInboundLink.java:327)
	at com.ibm.ws.tcpchannel.internal.NewConnectionInitialReadCallback.sendToDiscriminators(NewConnectionInitialReadCallback.java:167)
	at com.ibm.ws.tcpchannel.internal.NewConnectionInitialReadCallback.complete(NewConnectionInitialReadCallback.java:75)
	at com.ibm.ws.tcpchannel.internal.WorkQueueManager.requestComplete(WorkQueueManager.java:504)
	at com.ibm.ws.tcpchannel.internal.WorkQueueManager.attemptIO(WorkQueueManager.java:574)
	at com.ibm.ws.tcpchannel.internal.WorkQueueManager.workerRun(WorkQueueManager.java:958)
	at com.ibm.ws.tcpchannel.internal.WorkQueueManager$Worker.run(WorkQueueManager.java:1047)
	at com.ibm.ws.threading.internal.ExecutorServiceImpl$RunnableWrapper.run(ExecutorServiceImpl.java:238)
	at java.util.concurrent.ThreadPoolExecutor.runWorker(ThreadPoolExecutor.java:1149)
	at java.util.concurrent.ThreadPoolExecutor$Worker.run(ThreadPoolExecutor.java:624)
	at java.lang.Thread.run(Thread.java:748)

Dump of callerThis
Object type = com.ibm.ws.webcontainer.osgi.filter.WebAppFilterManagerImpl
  _filterWrappers = class java.util.Hashtable@10c0ab6a
    table = class java.util.Hashtable$Entry[11]
      Entry[0] = null
      Entry[1] = null
      Entry[2] = null
      Entry[3] = null
      Entry[4] = null
      Entry[5] = null
      Entry[6] = null
      Entry[7] = null
      Entry[8] = null
      Entry[9] = null
      Entry[10] = null
    count = 0
    threshold = 8
    loadFactor = 0.75
    modCount = 0
    serialVersionUID = 1421746759512286392
    MAX_ARRAY_SIZE = 2147483639
    keySet = null
    entrySet = null
    values = null
    KEYS = 0
    VALUES = 1
    ENTRIES = 2
  chainCache = class java.util.Collections$SynchronizedMap@7ed48cf8
    serialVersionUID = 1978198479659022715
    m = class com.ibm.ws.webcontainer.filter.WebAppFilterManager$1@8e6cbff
      this$0 = class com.ibm.ws.webcontainer.osgi.filter.WebAppFilterManagerImpl@1d78d594
      serialVersionUID = 3801124242820219131
      head = null
      tail = null
      accessOrder = true
      serialVersionUID = 362498820763181265
      DEFAULT_INITIAL_CAPACITY = 16
      MAXIMUM_CAPACITY = 1073741824
      DEFAULT_LOAD_FACTOR = 0.75
      TREEIFY_THRESHOLD = 8
      UNTREEIFY_THRESHOLD = 6
      MIN_TREEIFY_CAPACITY = 64
      table = null
      entrySet = null
      size = 0
      modCount = 0
      threshold = 32
      loadFactor = 0.75
      keySet = null
      values = null
    mutex = class java.util.Collections$SynchronizedMap@7ed48cf8
    keySet = null
    entrySet = null
    values = null
  forwardChainCache = class java.util.Collections$SynchronizedMap@56bdd92f
    serialVersionUID = 1978198479659022715
    m = class com.ibm.ws.webcontainer.filter.WebAppFilterManager$2@12c203b1
      this$0 = class com.ibm.ws.webcontainer.osgi.filter.WebAppFilterManagerImpl@1d78d594
      serialVersionUID = 3801124242820219131
      head = null
      tail = null
      accessOrder = true
      serialVersionUID = 362498820763181265
      DEFAULT_INITIAL_CAPACITY = 16
      MAXIMUM_CAPACITY = 1073741824
      DEFAULT_LOAD_FACTOR = 0.75
      TREEIFY_THRESHOLD = 8
      UNTREEIFY_THRESHOLD = 6
      MIN_TREEIFY_CAPACITY = 64
      table = null
      entrySet = null
      size = 0
      modCount = 0
      threshold = 16
      loadFactor = 0.75
      keySet = null
      values = null
    mutex = class java.util.Collections$SynchronizedMap@56bdd92f
    keySet = null
    entrySet = null
    values = null
  includeChainCache = class java.util.Collections$SynchronizedMap@72da7fc4
    serialVersionUID = 1978198479659022715
    m = class com.ibm.ws.webcontainer.filter.WebAppFilterManager$3@d2c7107
      this$0 = class com.ibm.ws.webcontainer.osgi.filter.WebAppFilterManagerImpl@1d78d594
      serialVersionUID = 3801124242820219131
      head = null
      tail = null
      accessOrder = true
      serialVersionUID = 362498820763181265
      DEFAULT_INITIAL_CAPACITY = 16
      MAXIMUM_CAPACITY = 1073741824
      DEFAULT_LOAD_FACTOR = 0.75
      TREEIFY_THRESHOLD = 8
      UNTREEIFY_THRESHOLD = 6
      MIN_TREEIFY_CAPACITY = 64
      table = null
      entrySet = null
      size = 0
      modCount = 0
      threshold = 8
      loadFactor = 0.75
      keySet = null
      values = null
    mutex = class java.util.Collections$SynchronizedMap@72da7fc4
    keySet = null
    entrySet = null
    values = null
  errorChainCache = class java.util.Collections$SynchronizedMap@67d4110e
    serialVersionUID = 1978198479659022715
    m = class com.ibm.ws.webcontainer.filter.WebAppFilterManager$4@41f45ecb
      this$0 = class com.ibm.ws.webcontainer.osgi.filter.WebAppFilterManagerImpl@1d78d594
      serialVersionUID = 3801124242820219131
      head = null
      tail = null
      accessOrder = true
      serialVersionUID = 362498820763181265
      DEFAULT_INITIAL_CAPACITY = 16
      MAXIMUM_CAPACITY = 1073741824
      DEFAULT_LOAD_FACTOR = 0.75
      TREEIFY_THRESHOLD = 8
      UNTREEIFY_THRESHOLD = 6
      MIN_TREEIFY_CAPACITY = 64
      table = null
      entrySet = null
      size = 0
      modCount = 0
      threshold = 2
      loadFactor = 0.75
      keySet = null
      values = null
    mutex = class java.util.Collections$SynchronizedMap@67d4110e
    keySet = null
    entrySet = null
    values = null
  _filtersDefined = false
  FMI_MAPPING_SINGLE_SLASH = 0
  FMI_MAPPING_PATH_MATCH = 1
  FMI_MAPPING_EXTENSION_MATCH = 2
  FMI_MAPPING_EXACT_MATCH = 3
  logger = class com.ibm.ws.logging.internal.WsLogger@3dbdf240
    ivCachedResourceBundleName = null
    ivCachedResourceBundle = null
    ivComponent = null
    ivOrganization = null
    ivProduct = null
    ivMinimumLocalizationLevelIntValue = 625
    ivTC = class com.ibm.websphere.ras.TraceComponent@4159499d
      strings[0] = "TraceComponent[com.ibm.ws.webcontainer.filter,class com.ibm.wsspi.webcontainer.logging.LoggerFactory$1,[com.ibm.ws.webcontainer.filter],null,null]"
    loggerRegistrationComponent = class java.lang.ThreadLocal@5c9a3ba6
      threadLocalHashCode = -352356188
      nextHashCode = class java.util.concurrent.atomic.AtomicInteger@6f674eb0
      HASH_INCREMENT = 1640531527
    emptyHandlers = class java.util.logging.Handler[0]
    offValue = 2147483647
    SYSTEM_LOGGER_RB_NAME = "sun.util.logging.resources.logging"
    SYSTEM_BUNDLE = class java.util.logging.Logger$LoggerBundle@6c21e233
      resourceBundleName = "sun.util.logging.resources.logging"
      userBundle = null
    NO_RESOURCE_BUNDLE = class java.util.logging.Logger$LoggerBundle@3727bb67
      resourceBundleName = null
      userBundle = null
    manager = class com.ibm.ws.kernel.boot.logging.WsLogManager@3aede12e
      CONFIGURE_BY_SERVER_PROPERTY_NAME = "java.util.logging.configureByServer"
      CONFIGURE_BY_LOGGING_PROPERTIES_FILE = "java.util.logging.configureByLoggingPropertiesFile"
      configureByServer = true
      configureByLoggingProperties = false
      wsLogger = class java.lang.reflect.Constructor@276f8c6
      resetEnabled = true
      svBinaryLoggingEnable = false
      manager = class com.ibm.ws.kernel.boot.logging.WsLogManager@3aede12e
      props = class java.util.Properties@25e43da3
      defaultLevel = class java.util.logging.Level@1237adba
      listenerMap = class java.util.HashMap@3d6d362c
      systemContext = class java.util.logging.LogManager$SystemLoggerContext@868598f
      userContext = class java.util.logging.LogManager$LoggerContext@7bf9406a
      rootLogger = class java.util.logging.LogManager$RootLogger@7f747393
      readPrimordialConfiguration = true
      initializedGlobalHandlers = true
      deathImminent = false
      initializedCalled = true
      initializationDone = true
      contextsMap = null
      loggerRefQueue = class java.lang.ref.ReferenceQueue@2b7cf607
      MAX_ITERATIONS = 400
      controlPermission = class java.util.logging.LoggingPermission@619266c6
      loggingMXBean = null
      LOGGING_MXBEAN_NAME = "java.util.logging:type=Logging"
      $assertionsDisabled = true
    name = "com.ibm.ws.webcontainer.filter"
    handlers = class java.util.concurrent.CopyOnWriteArrayList@6252fcf1
      serialVersionUID = 8673264195747942595
      lock = class java.util.concurrent.locks.ReentrantLock@621989a5
      array = class java.lang.Object[0]
      UNSAFE = class sun.misc.Unsafe@4a280055
      lockOffset = 12
    loggerBundle = class java.util.logging.Logger$LoggerBundle@101baf2
      resourceBundleName = "com.ibm.ws.webcontainer.resources.Messages"
      userBundle = null
    useParentHandlers = true
    filter = null
    anonymous = false
    catalog = class com.ibm.ws.webcontainer.resources.Messages_cs@b77c536
      resources = class [Ljava.lang.Object;[338]
      lookup = class java.util.HashMap@13ac2f22
      INITIAL_CACHE_SIZE = 32
      NONEXISTENT_BUNDLE = class java.util.ResourceBundle$1@3c5e4109
      cacheList = class java.util.concurrent.ConcurrentHashMap@4188b6a2
      referenceQueue = class java.lang.ref.ReferenceQueue@33af448e
      parent = class com.ibm.ws.webcontainer.resources.Messages@21d367a1
      locale = class java.util.Locale@6f4b2c9b
      name = "com.ibm.ws.webcontainer.resources.Messages"
      expired = false
      cacheKey = class java.util.ResourceBundle$CacheKey@6bf2ba76
      keySet = null
      providers = null
      $assertionsDisabled = true
    catalogName = "com.ibm.ws.webcontainer.resources.Messages"
    catalogLocale = class java.util.Locale@5ec6a1e7
      LOCALECACHE = class java.util.Locale$Cache@7e569cc0
      ENGLISH = class java.util.Locale@5340bd4e
      FRENCH = class java.util.Locale@5c6da64d
      GERMAN = class java.util.Locale@71253f09
      ITALIAN = class java.util.Locale@3b5f0d71
      JAPANESE = class java.util.Locale@6d236d99
      KOREAN = class java.util.Locale@5c4de1be
      CHINESE = class java.util.Locale@4485049
      SIMPLIFIED_CHINESE = class java.util.Locale@47bfe134
      TRADITIONAL_CHINESE = class java.util.Locale@310613ff
      FRANCE = class java.util.Locale@2f54470
      GERMANY = class java.util.Locale@4479867f
      ITALY = class java.util.Locale@7cf76985
      JAPAN = class java.util.Locale@7d6f040f
      KOREA = class java.util.Locale@55910916
      CHINA = class java.util.Locale@47bfe134
      PRC = class java.util.Locale@47bfe134
      TAIWAN = class java.util.Locale@310613ff
      UK = class java.util.Locale@5dd327a5
      US = class java.util.Locale@1a2fc6db
      CANADA = class java.util.Locale@1fe5e6ed
      CANADA_FRENCH = class java.util.Locale@426185be
      ROOT = class java.util.Locale@6cb6c58
      PRIVATE_USE_EXTENSION = x
      UNICODE_LOCALE_EXTENSION = u
      serialVersionUID = 9149081749638150636
      DISPLAY_LANGUAGE = 0
      DISPLAY_COUNTRY = 1
      DISPLAY_VARIANT = 2
      DISPLAY_SCRIPT = 3
      baseLocale = class sun.util.locale.BaseLocale@62366b44
      localeExtensions = null
      hashCodeValue = 94921721
      defaultLocale = class java.util.Locale@5ec6a1e7
      defaultDisplayLocale = null
      defaultFormatLocale = class java.util.Locale@5ec6a1e7
      languageTag = "cs-CZ"
      serialPersistentFields = class java.io.ObjectStreamField[6]
      isoLanguages = null
      isoCountries = null
      $assertionsDisabled = true
    treeLock = class java.lang.Object@2b867bba
    parent = class com.ibm.ws.logging.internal.WsLogger@275c8212
      ivCachedResourceBundleName = "com.ibm.ws.webcontainer.resources.Messages"
      ivCachedResourceBundle = class com.ibm.ws.webcontainer.resources.Messages_cs@b77c536
      ivComponent = null
      ivOrganization = null
      ivProduct = null
      ivMinimumLocalizationLevelIntValue = 625
      ivTC = class com.ibm.websphere.ras.TraceComponent@7353db8a
      loggerRegistrationComponent = class java.lang.ThreadLocal@5c9a3ba6
      emptyHandlers = class java.util.logging.Handler[0]
      offValue = 2147483647
      SYSTEM_LOGGER_RB_NAME = "sun.util.logging.resources.logging"
      SYSTEM_BUNDLE = class java.util.logging.Logger$LoggerBundle@6c21e233
      NO_RESOURCE_BUNDLE = class java.util.logging.Logger$LoggerBundle@3727bb67
      manager = class com.ibm.ws.kernel.boot.logging.WsLogManager@3aede12e
      name = "com.ibm.ws.webcontainer"
      handlers = class java.util.concurrent.CopyOnWriteArrayList@5e1d20a7
      loggerBundle = class java.util.logging.Logger$LoggerBundle@79f91393
      useParentHandlers = true
      filter = null
      anonymous = false
      catalog = class com.ibm.ws.webcontainer.resources.Messages_cs@b77c536
      catalogName = "com.ibm.ws.webcontainer.resources.Messages"
      catalogLocale = class java.util.Locale@5ec6a1e7
      treeLock = class java.lang.Object@2b867bba
      parent = class java.util.logging.Logger@18e48d3a
      kids = class java.util.ArrayList@1ae788c2
      levelObject = class java.util.logging.Level@1237adba
      levelValue = 800
      callersClassLoaderRef = class java.lang.ref.WeakReference@10471963
      isSystemLogger = false
      GLOBAL_LOGGER_NAME = "global"
      global = class java.util.logging.Logger@22d9529b
      $assertionsDisabled = true
    kids = null
    levelObject = class java.util.logging.Level@1237adba
      defaultBundle = "sun.util.logging.resources.logging"
      name = "INFO"
      value = 800
      resourceBundleName = "sun.util.logging.resources.logging"
      localizedLevelName = "INFO"
      cachedLocale = class java.util.Locale@5ec6a1e7
      OFF = class java.util.logging.Level@2033cac9
      SEVERE = class java.util.logging.Level@1f745d89
      WARNING = class java.util.logging.Level@3f5a993d
      INFO = class java.util.logging.Level@1237adba
      CONFIG = class java.util.logging.Level@5828d34e
      FINE = class java.util.logging.Level@66f33f00
      FINER = class java.util.logging.Level@5bd6ae42
      FINEST = class java.util.logging.Level@302e4774
      ALL = class java.util.logging.Level@2e82509c
      serialVersionUID = -8176160795706313070
    levelValue = 800
    callersClassLoaderRef = class java.lang.ref.WeakReference@7915ff82
      referent = class org.eclipse.osgi.internal.loader.EquinoxClassLoader@2271c99c
      queue = class java.lang.ref.ReferenceQueue$Null@76315183
      next = null
      discovered = null
      lock = class java.lang.ref.Reference$Lock@33c32b7f
      pending = null
    isSystemLogger = false
    GLOBAL_LOGGER_NAME = "global"
    global = class java.util.logging.Logger@22d9529b
      emptyHandlers = class java.util.logging.Handler[0]
      offValue = 2147483647
      SYSTEM_LOGGER_RB_NAME = "sun.util.logging.resources.logging"
      SYSTEM_BUNDLE = class java.util.logging.Logger$LoggerBundle@6c21e233
      NO_RESOURCE_BUNDLE = class java.util.logging.Logger$LoggerBundle@3727bb67
      manager = class com.ibm.ws.kernel.boot.logging.WsLogManager@3aede12e
      name = "global"
      handlers = class java.util.concurrent.CopyOnWriteArrayList@223018b2
      loggerBundle = class java.util.logging.Logger$LoggerBundle@3727bb67
      useParentHandlers = true
      filter = null
      anonymous = false
      catalog = null
      catalogName = null
      catalogLocale = null
      treeLock = class java.lang.Object@2b867bba
      parent = class java.util.logging.Logger@18e48d3a
      kids = null
      levelObject = null
      levelValue = 800
      callersClassLoaderRef = null
      isSystemLogger = true
      GLOBAL_LOGGER_NAME = "global"
      global = class java.util.logging.Logger@22d9529b
      $assertionsDisabled = true
    $assertionsDisabled = true
  CLASS_NAME = "com.ibm.ws.webcontainer.filter.WebAppFilterManager"
  nls = class com.ibm.ejs.ras.TraceNLS@5712079
    resolver = class com.ibm.ws.logging.internal.TraceNLSResolver@5bc55166
      tc = class com.ibm.websphere.ras.TraceComponent@69222c14
      DEBUG_TRACE_NLS_PROPERTY = "com.ibm.ejs.ras.debugTraceNLSResolver"
      debugTraceNLSResolver = false
      makeNoise = false
      nullKey = "null"
      svNullBundleName = "Resource Bundle name is null, key = {0}"
      svBundleNotLoaded = "Unable to load ResourceBundle {0}"
      svNullKeyMessage = "Null key passed while using ResourceBundle {0}"
      svMalformedMessage = "No message text associated with key {0} in bundle {1}"
    finder = null
    ivBundleName = "com.ibm.ws.webcontainer.resources.Messages"
    caller = class java.lang.Class@40bd4e68
      ANNOTATION = 8192
      ENUM = 16384
      SYNTHETIC = 4096
      cachedConstructor = null
      newInstanceCallerCache = null
      name = null
      allPermDomain = class java.security.ProtectionDomain@79ca7bae
      useCaches = true
      reflectionData = class java.lang.ref.SoftReference@1144a674
      classRedefinedCount = 0
      genericInfo = null
      serialVersionUID = 3206093459760846163
      serialPersistentFields = class java.io.ObjectStreamField[0]
      reflectionFactory = class sun.reflect.ReflectionFactory@29559664
      initted = true
      enumConstants = null
      enumConstantDirectory = null
      annotationData = class java.lang.Class$AnnotationData@757aaafd
      annotationType = null
      classValueMap = null
  webAppConfig = class com.ibm.ws.webcontainer.osgi.webapp.WebAppConfiguration@24f44b4c
    webModuleMetaData = class com.ibm.ws.webcontainer.osgi.metadata.WebModuleMetaDataImpl@ca213d0
    webComponentMetaData = class com.ibm.ws.webcontainer.osgi.metadata.WebComponentMetaDataImpl@3b44bd0b
    dVirtualHost = class com.ibm.ws.webcontainer.osgi.DynamicVirtualHost@8e5e585
      tc = class com.ibm.websphere.ras.TraceComponent@46875641
      CLASS_NAME = "com.ibm.ws.webcontainer.osgi.DynamicVirtualHost"
      webContainerParent = class com.ibm.ws.webcontainer.osgi.WebContainer@e8a8c04
      dhostConfig = class com.ibm.ws.webcontainer.osgi.DynamicVirtualHostConfiguration@600ac9c3
      predefinedMatcher = null
      normalizeRequestURI = false
      logger = class com.ibm.ws.logging.internal.WsLogger@275c8212
      CLASS_NAME = "com.ibm.ws.webcontainer.VirtualHost"
      vHostConfig = class com.ibm.ws.webcontainer.osgi.DynamicVirtualHostConfiguration@600ac9c3
      commands = class java.util.ArrayList@b43999f
      requestMapper = class com.ibm.wsspi.webcontainer.util.URIMapper@5173ce5f
      parent = class com.ibm.ws.webcontainer.osgi.WebContainer@e8a8c04
      name = "default_host"
      isAlive = true
      subElements = class java.util.HashMap@67815163
      attributes = null
      config = null
      serialVersionUID = -8271459000149267764
      $$$tc$$$ = class com.ibm.websphere.ras.TraceComponent@7c7e21ce
    orderedLibPaths = class java.util.Collections$UnmodifiableRandomAccessList@5344cbc9
      serialVersionUID = -2542308836966382001
      serialVersionUID = -283967356065247728
      list = class java.util.ArrayList@136583ad
      serialVersionUID = 1820017752578914078
      c = class java.util.ArrayList@136583ad
    bundleHeaders = null
    cdiEnabled = false
    CLASS_NAME = "com.ibm.ws.webcontainer.webapp.WebAppConfiguration"
    logger = class com.ibm.ws.logging.internal.WsLogger@6c58902
      ivCachedResourceBundleName = null
      ivCachedResourceBundle = null
      ivComponent = null
      ivOrganization = null
      ivProduct = null
      ivMinimumLocalizationLevelIntValue = 625
      ivTC = class com.ibm.websphere.ras.TraceComponent@19bad9fb
      loggerRegistrationComponent = class java.lang.ThreadLocal@5c9a3ba6
      emptyHandlers = class java.util.logging.Handler[0]
      offValue = 2147483647
      SYSTEM_LOGGER_RB_NAME = "sun.util.logging.resources.logging"
      SYSTEM_BUNDLE = class java.util.logging.Logger$LoggerBundle@6c21e233
      NO_RESOURCE_BUNDLE = class java.util.logging.Logger$LoggerBundle@3727bb67
      manager = class com.ibm.ws.kernel.boot.logging.WsLogManager@3aede12e
      name = "com.ibm.ws.webcontainer.webapp"
      handlers = class java.util.concurrent.CopyOnWriteArrayList@91e4277
      loggerBundle = class java.util.logging.Logger$LoggerBundle@1bf84c61
      useParentHandlers = true
      filter = null
      anonymous = false
      catalog = class com.ibm.ws.webcontainer.resources.Messages_cs@b77c536
      catalogName = "com.ibm.ws.webcontainer.resources.Messages"
      catalogLocale = class java.util.Locale@5ec6a1e7
      treeLock = class java.lang.Object@2b867bba
      parent = class com.ibm.ws.logging.internal.WsLogger@275c8212
      kids = null
      levelObject = class java.util.logging.Level@1237adba
      levelValue = 800
      callersClassLoaderRef = class java.lang.ref.WeakReference@595acc49
      isSystemLogger = false
      GLOBAL_LOGGER_NAME = "global"
      global = class java.util.logging.Logger@22d9529b
      $assertionsDisabled = true
    tc = class com.ibm.websphere.ras.TraceComponent@14b7d3de
      strings[0] = "TraceComponent[com.ibm.ws.webcontainer.webapp.WebAppConfiguration,class com.ibm.ws.webcontainer.webapp.WebAppConfiguration,[webcontainer],com.ibm.ws.webcontainer.resources.LShimMessages,null]"
    nls = class com.ibm.ejs.ras.TraceNLS@7be6aebc
      resolver = class com.ibm.ws.logging.internal.TraceNLSResolver@5bc55166
      finder = null
      ivBundleName = "com.ibm.ws.webcontainer.resources.Messages"
      caller = class java.lang.Class@297f68ce
    version = 31
    contextRoot = "/LibertyProject"
    isDefaultContextRootUsed = false
    sessionTimeout = 0
    moduleSessionTimeoutSet = false
    moduleSessionTrackingModeSet = false
    sessionCookieConfig = class com.ibm.ws.session.SessionCookieConfigImpl@e09388a
      comment = ""
      domain = ""
      maxAge = -1
      maxAgeSet = false
      name = "JSESSIONID"
      path = "/"
      httpOnly = true
      httpOnlySet = false
      secure = false
      secureSet = false
      contextInitialized = true
      externalCall = true
      programmaticChange = false
      nls = class com.ibm.ejs.ras.TraceNLS@328ad36b
    hasProgrammaticCookieConfig = false
    sessionDefaultTrackingModeSet = class java.util.RegularEnumSet@5ce2089d
      serialVersionUID = 3411599620347842686
      elements = 1
      elementType = class java.lang.Class@7247e1bc
      universe = class javax.servlet.SessionTrackingMode[3]
      ZERO_LENGTH_ENUM_ARRAY = class java.lang.Enum[0]
      MAX_ARRAY_SIZE = 2147483639
    sessionManagerConfig = class com.ibm.ws.session.SessionManagerConfig@7645179a
      usingWebContainerSM = true
      useContextRootForSessionCookiePath = false
      usingMemory = true
      usingDatabase = false
      usingJCache = false
      usingMemToMem = false
      enableUrlProtocolSwitchRewriting = false
      dcookieName = "SSLJSESSION"
      sipSessionCookieName = "ibmappid"
      inMemorySize = 1000
      enableOverflow = true
      sessionInvalidationTime = 1800
      integrateSec = true
      throwSecurityExceptionOnGetSessionFalse = true
      invalidateOnUnauthorizedSessionRequestException = false
      allowSerializedSessionAccess = false
      serializedSessionAccessMaxWaitTime = 0
      accessSessionOnTimeout = true
      JNDIDataSourceName = "jdbc/sample"
      sessionDBID = null
      sessionDBPWD = null
      rowSize = 4
      tableSpaceName = null
      usingMultirow = false
      drsSettings = null
      enableEOSWrite = true
      enableManualWrite = false
      enableTimeBasedWrite = false
      mPropertyWriterInterval = 120
      writeAllProperties = false
      writeGetAndSetAttributes = false
      scheduledInvalidation = false
      firstHour = 0
      secondHour = 0
      is_zOS = false
      serverId = "4be5c5f4-e57e-46e3-a00e-c868be7fee47"
      cloneId = "4be5c5f4-e57e-46e3-a00e-c868be7fee47"
      sacKey = "DEFAULT_SAC_KEY"
      cloneSeparator = :
      debugSessionCrossover = false
      cloneIdPropertySet = false
      expectedCloneIdsPropertySet = false
      expectedCloneIds = null
      idReuse = false
      reaperPollInterval = 126
      turnOffCacheId = false
      turnOffCloneId = false
      noAffinitySwitchBack = false
      maxSessionIdentifierLength = 1024
      sessUrlRewritePrefix = ";jsessionid="
      tableNameValue = null
      checkRecentlyInvalidList = true
      modifyActiveCountOnInvalidatedSession = true
      useOracleBlob = false
      usingCustomSchemaName = false
      trackGCCount = false
      hideSessionValues = true
      hideSessionValuesPropertySet = false
      doRemoteInvalidations = true
      zosBaseServerReplication = false
      servlet21SessionCompat = false
      cacheIdLength = 0
      sessionIDLength = 23
      trackingModes = class java.util.RegularEnumSet@7696dd91
      privateSessionCookieName = "JSESSIONID"
      privateSessionCookieComment = ""
      privateSessionCookieDomain = ""
      privateSessionCookieMaxAge = -1
      privateSessionCookiePath = "/"
      privateSessionCookieSecure = false
      privateSessionCookieHttpOnly = true
      cookieConfig = class com.ibm.ws.session.SessionCookieConfigImpl@e09388a
      SIPConvergedHttpPort = 80
      SIPConvergedHttpsPort = 443
      SIPConvergedHostName = "localhost"
      optimizeCacheIdIncrements = false
      alwaysEncodeURL = false
      checkSessionCookieNameOnEncodeURL = false
      onlyCheckInCacheDuringPreInvoke = false
      enableHotFailover = true
      forceSessionInvalidationMultiple = 3
      persistSessionAfterPassivation = false
      usingApplicationSessionsAndInvalidateAll = false
      usingApplicationSessionsAlwaysRetrieve = false
      forceSessionIdLengthCheck = false
      securityUserIgnoreCase = false
      sessionTableSkipIndexCreation = false
      checkSessionNewOnIsValidRequest = true
      delayInvalidationAlarmDuringServerStartup = 5
      useSeparateSessionInvalidatorThreadPool = true
      connectionRetryCount = 2
      sessionCookieSameSite = class com.ibm.ws.session.SameSiteCookie@26869fa4
    displayName = "Liberty Project"
    description = null
    reloadInterval = 0
    distributable = false
    denyUncoveredHttpMethods = false
    reloadingEnabled = false
    serveServletsByClassnameEnabled = false
    defaultErrorPage = null
    additionalClassPath = null
    fileServingEnabled = null
    directoryBrowsingEnabled = false
    autoRequestEncoding = false
    autoResponseEncoding = false
    autoLoadFilters = false
    requestListeners = null
    requestAttributeListeners = null
    sessionListeners = null
    localeMap = null
    moduleName = "guide-rest-intro"
    j2eeModuleName = "guide-rest-intro.war"
    moduleId = null
    isSyncToThreadEnabled = false
    encodeDispatchedRequestURI = false
    isSystemApp = false
    ardEnabled = false
    ardDispatchType = null
    listeners = class java.util.ArrayList@3898c4a0
      serialVersionUID = 8683452581122892189
      DEFAULT_CAPACITY = 10
      EMPTY_ELEMENTDATA = class java.lang.Object[0]
      DEFAULTCAPACITY_EMPTY_ELEMENTDATA = class java.lang.Object[0]
      elementData = class java.lang.Object[0]
      size = 0
      MAX_ARRAY_SIZE = 2147483639
      modCount = 0
      MAX_ARRAY_SIZE = 2147483639
    welcomeFileList = class java.util.ArrayList@7f926651
      serialVersionUID = 8683452581122892189
      DEFAULT_CAPACITY = 10
      EMPTY_ELEMENTDATA = class java.lang.Object[0]
      DEFAULTCAPACITY_EMPTY_ELEMENTDATA = class java.lang.Object[0]
      elementData = class java.lang.Object[10]
      size = 1
      MAX_ARRAY_SIZE = 2147483639
      modCount = 1
      MAX_ARRAY_SIZE = 2147483639
    servletMappings = class java.util.HashMap@33783fde
      serialVersionUID = 362498820763181265
      DEFAULT_INITIAL_CAPACITY = 16
      MAXIMUM_CAPACITY = 1073741824
      DEFAULT_LOAD_FACTOR = 0.75
      TREEIFY_THRESHOLD = 8
      UNTREEIFY_THRESHOLD = 6
      MIN_TREEIFY_CAPACITY = 64
      table = class java.util.HashMap$Node[16]
      entrySet = null
      size = 1
      modCount = 1
      threshold = 12
      loadFactor = 0.75
      keySet = null
      values = class java.util.HashMap$Values@34ea294b
    lastIndexBeforeDeclaredFilters = 0
    filterMappings = class java.util.ArrayList@6ddf17ec
      serialVersionUID = 8683452581122892189
      DEFAULT_CAPACITY = 10
      EMPTY_ELEMENTDATA = class java.lang.Object[0]
      DEFAULTCAPACITY_EMPTY_ELEMENTDATA = class java.lang.Object[0]
      elementData = class java.lang.Object[0]
      size = 0
      MAX_ARRAY_SIZE = 2147483639
      modCount = 0
      MAX_ARRAY_SIZE = 2147483639
    servletInfo = class java.util.concurrent.ConcurrentHashMap@139c7333
      serialVersionUID = 7249069246763182397
      MAXIMUM_CAPACITY = 1073741824
      DEFAULT_CAPACITY = 16
      MAX_ARRAY_SIZE = 2147483639
      DEFAULT_CONCURRENCY_LEVEL = 16
      LOAD_FACTOR = 0.75
      TREEIFY_THRESHOLD = 8
      UNTREEIFY_THRESHOLD = 6
      MIN_TREEIFY_CAPACITY = 64
      MIN_TRANSFER_STRIDE = 16
      RESIZE_STAMP_BITS = 16
      MAX_RESIZERS = 65535
      RESIZE_STAMP_SHIFT = 16
      MOVED = -1
      TREEBIN = -2
      RESERVED = -3
      HASH_BITS = 2147483647
      NCPU = 8
      serialPersistentFields = class java.io.ObjectStreamField[3]
      table = class java.util.concurrent.ConcurrentHashMap$Node[16]
      nextTable = null
      baseCount = 1
      sizeCtl = 12
      transferIndex = 0
      cellsBusy = 0
      counterCells = null
      keySet = class java.util.concurrent.ConcurrentHashMap$KeySetView@4b478c48
      values = class java.util.concurrent.ConcurrentHashMap$ValuesView@16cbd50d
      entrySet = null
      U = class sun.misc.Unsafe@4a280055
      SIZECTL = 20
      TRANSFERINDEX = 32
      BASECOUNT = 24
      CELLSBUSY = 36
      CELLVALUE = 144
      ABASE = 16
      ASHIFT = 2
      keySet = null
      values = null
    filterInfo = class java.util.HashMap@7f503fff
      serialVersionUID = 362498820763181265
      DEFAULT_INITIAL_CAPACITY = 16
      MAXIMUM_CAPACITY = 1073741824
      DEFAULT_LOAD_FACTOR = 0.75
      TREEIFY_THRESHOLD = 8
      UNTREEIFY_THRESHOLD = 6
      MIN_TREEIFY_CAPACITY = 64
      table = null
      entrySet = null
      size = 0
      modCount = 0
      threshold = 0
      loadFactor = 0.75
      keySet = null
      values = class java.util.HashMap$Values@730e16ee
    mimeMappings = class java.util.HashMap@da47904
      serialVersionUID = 362498820763181265
      DEFAULT_INITIAL_CAPACITY = 16
      MAXIMUM_CAPACITY = 1073741824
      DEFAULT_LOAD_FACTOR = 0.75
      TREEIFY_THRESHOLD = 8
      UNTREEIFY_THRESHOLD = 6
      MIN_TREEIFY_CAPACITY = 64
      table = null
      entrySet = null
      size = 0
      modCount = 0
      threshold = 0
      loadFactor = 0.75
      keySet = null
      values = null
    mimeFilters = null
    isMimeFilteringEnabled = false
    theWebGroup = null
    jspAttributes = class java.util.HashMap@18d16f2b
      serialVersionUID = 362498820763181265
      DEFAULT_INITIAL_CAPACITY = 16
      MAXIMUM_CAPACITY = 1073741824
      DEFAULT_LOAD_FACTOR = 0.75
      TREEIFY_THRESHOLD = 8
      UNTREEIFY_THRESHOLD = 6
      MIN_TREEIFY_CAPACITY = 64
      table = null
      entrySet = null
      size = 0
      modCount = 0
      threshold = 0
      loadFactor = 0.75
      keySet = class java.util.HashMap$KeySet@3514f34b
      values = null
    fileServingAttributes = class java.util.HashMap@682482e9
      serialVersionUID = 362498820763181265
      DEFAULT_INITIAL_CAPACITY = 16
      MAXIMUM_CAPACITY = 1073741824
      DEFAULT_LOAD_FACTOR = 0.75
      TREEIFY_THRESHOLD = 8
      UNTREEIFY_THRESHOLD = 6
      MIN_TREEIFY_CAPACITY = 64
      table = null
      entrySet = null
      size = 0
      modCount = 0
      threshold = 0
      loadFactor = 0.75
      keySet = null
      values = null
    invokerAttributes = class java.util.HashMap@1675f7d5
      serialVersionUID = 362498820763181265
      DEFAULT_INITIAL_CAPACITY = 16
      MAXIMUM_CAPACITY = 1073741824
      DEFAULT_LOAD_FACTOR = 0.75
      TREEIFY_THRESHOLD = 8
      UNTREEIFY_THRESHOLD = 6
      MIN_TREEIFY_CAPACITY = 64
      table = null
      entrySet = null
      size = 0
      modCount = 0
      threshold = 0
      loadFactor = 0.75
      keySet = null
      values = null
    contextParams = class java.util.HashMap@3837c046
      serialVersionUID = 362498820763181265
      DEFAULT_INITIAL_CAPACITY = 16
      MAXIMUM_CAPACITY = 1073741824
      DEFAULT_LOAD_FACTOR = 0.75
      TREEIFY_THRESHOLD = 8
      UNTREEIFY_THRESHOLD = 6
      MIN_TREEIFY_CAPACITY = 64
      table = null
      entrySet = null
      size = 0
      modCount = 0
      threshold = 0
      loadFactor = 0.75
      keySet = null
      values = null
    virtualHost = "default_host"
    exceptionErrorPages = class java.util.HashMap@2b0c585c
      serialVersionUID = 362498820763181265
      DEFAULT_INITIAL_CAPACITY = 16
      MAXIMUM_CAPACITY = 1073741824
      DEFAULT_LOAD_FACTOR = 0.75
      TREEIFY_THRESHOLD = 8
      UNTREEIFY_THRESHOLD = 6
      MIN_TREEIFY_CAPACITY = 64
      table = null
      entrySet = null
      size = 0
      modCount = 0
      threshold = 0
      loadFactor = 0.75
      keySet = null
      values = null
    codeErrorPages = class java.util.HashMap@67f3b41e
      serialVersionUID = 362498820763181265
      DEFAULT_INITIAL_CAPACITY = 16
      MAXIMUM_CAPACITY = 1073741824
      DEFAULT_LOAD_FACTOR = 0.75
      TREEIFY_THRESHOLD = 8
      UNTREEIFY_THRESHOLD = 6
      MIN_TREEIFY_CAPACITY = 64
      table = null
      entrySet = null
      size = 0
      modCount = 0
      threshold = 0
      loadFactor = 0.75
      keySet = null
      values = null
    tagLibList = null
    precompileJsps = false
    webApp = class com.ibm.ws.webcontainer40.osgi.webapp.WebApp40@422b7e17
    virtualHostList = class java.util.Collections$EmptyList@5e812c6a
      serialVersionUID = 8842843931221139166
      modCount = 0
      MAX_ARRAY_SIZE = 2147483639
    appStartupWeight = 0
    moduleStartupWeight = 0
    metaDataComplete = false
    classesToScan = class java.util.ArrayList@5832f20c
      serialVersionUID = 8683452581122892189
      DEFAULT_CAPACITY = 10
      EMPTY_ELEMENTDATA = class java.lang.Object[0]
      DEFAULTCAPACITY_EMPTY_ELEMENTDATA = class java.lang.Object[0]
      elementData = class java.lang.Object[0]
      size = 0
      MAX_ARRAY_SIZE = 2147483639
      modCount = 0
      MAX_ARRAY_SIZE = 2147483639
    uriFilterMappingInfos = null
    servletFilterMappingInfos = null
    dynamicServletRegistrationMap = null
    applicationName = "guide-rest-intro"
    libBinPathList = null
    webXmlDefinedListeners = class java.util.HashSet@11358fee
      serialVersionUID = -5024744406713321676
      map = class java.util.HashMap@6e67c4fb
      PRESENT = class java.lang.Object@5a24b845
      MAX_ARRAY_SIZE = 2147483639
    allRefs = class java.util.EnumMap@6b9c8a92
      keyType = class java.lang.Class@7e62efd8
      keyUniverse = class com.ibm.wsspi.injectionengine.JNDIEnvironmentRefType[14]
      vals = class java.lang.Object[14]
      size = 0
      NULL = class java.util.EnumMap$1@3246646d
      ZERO_LENGTH_ENUM_ARRAY = class java.lang.Enum[0]
      entrySet = null
      serialVersionUID = 458661240069192865
      keySet = null
      values = null
    allRefBindings = class java.util.EnumMap@3ca919f7
      keyType = class java.lang.Class@7e62efd8
      keyUniverse = class com.ibm.wsspi.injectionengine.JNDIEnvironmentRefType[14]
      vals = class java.lang.Object[14]
      size = 6
      NULL = class java.util.EnumMap$1@3246646d
      ZERO_LENGTH_ENUM_ARRAY = class java.lang.Enum[0]
      entrySet = null
      serialVersionUID = 458661240069192865
      keySet = null
      values = null
    envEntryValues = class java.util.HashMap@73c43efc
      serialVersionUID = 362498820763181265
      DEFAULT_INITIAL_CAPACITY = 16
      MAXIMUM_CAPACITY = 1073741824
      DEFAULT_LOAD_FACTOR = 0.75
      TREEIFY_THRESHOLD = 8
      UNTREEIFY_THRESHOLD = 6
      MIN_TREEIFY_CAPACITY = 64
      table = null
      entrySet = null
      size = 0
      modCount = 0
      threshold = 0
      loadFactor = 0.75
      keySet = null
      values = null
    resourceRefConfigList = null
    disallowAllFileServingProp = "false"
    disallowServeServletsByClassnameProp = "true"
    disableStaticMappingCache = false
    jspCachedLocations = null
    primedSTSHeader = "NoValue"
    enablemultireadofpostdata = false
    requestEncoding = null
    responseEncoding = null
    NULLSERVLETNAME = "com.ibm.ws.webcontainer.NullServletName"
    _id = "WebAppGeneratedId3"
    _attributes = null
    serialVersionUID = 7511545662945734886
    $$$tc$$$ = class com.ibm.websphere.ras.TraceComponent@70addf57
      strings[0] = "TraceComponent[com.ibm.ws.container.BaseConfiguration,class com.ibm.ws.container.BaseConfiguration,[],null,null]"
  webApp = class com.ibm.ws.webcontainer40.osgi.webapp.WebApp40@422b7e17
    tc = class com.ibm.websphere.ras.TraceComponent@19bc486
      strings[0] = "TraceComponent[com.ibm.ws.webcontainer40.osgi.webapp.WebApp40,class com.ibm.ws.webcontainer40.osgi.webapp.WebApp40,[webcontainer],com.ibm.ws.webcontainer31.resources.Messages,null]"
    servlet40NLS = class com.ibm.ejs.ras.TraceNLS@67076a2d
      resolver = class com.ibm.ws.logging.internal.TraceNLSResolver@5bc55166
      finder = null
      ivBundleName = "com.ibm.ws.webcontainer40.resources.Messages"
      caller = class java.lang.Class@356681a3
    CLASS_NAME = "com.ibm.ws.webcontainer40.osgi.webapp.WebApp40"
    defaultSessionTimeout = 30
    tc = class com.ibm.websphere.ras.TraceComponent@58bd8323
      strings[0] = "TraceComponent[com.ibm.ws.webcontainer31.osgi.webapp.WebApp31,class com.ibm.ws.webcontainer31.osgi.webapp.WebApp31,[webcontainer],com.ibm.ws.webcontainer31.resources.Messages,null]"
    CLASS_NAME = "com.ibm.ws.webcontainer31.osgi.webapp.WebApp31"
    servlet31NLS = class com.ibm.ejs.ras.TraceNLS@b4b6029
      resolver = class com.ibm.ws.logging.internal.TraceNLSResolver@5bc55166
      finder = null
      ivBundleName = "com.ibm.ws.webcontainer31.resources.Messages"
      caller = class java.lang.Class@57412eee
    validListenerClasses = class java.lang.Class[7]
      Class[0] = class java.lang.Class@cfe01df
      Class[1] = class java.lang.Class@4c1bab91
      Class[2] = class java.lang.Class@4fbd8110
      Class[3] = class java.lang.Class@acaf2f8
      Class[4] = class java.lang.Class@7646fa87
      Class[5] = class java.lang.Class@671090fd
      Class[6] = class java.lang.Class@4486280e
    wsocServHandler = null
    tc = class com.ibm.websphere.ras.TraceComponent@7cf5282b
      strings[0] = "TraceComponent[com.ibm.ws.webcontainer.osgi.webapp.WebApp,class com.ibm.ws.webcontainer.osgi.webapp.WebApp,[webcontainer],com.ibm.ws.webcontainer.resources.LShimMessages,null]"
    CLASS_NAME = "com.ibm.ws.webcontainer.osgi.webapp.WebApp"
    metaDataService = class com.ibm.ws.container.service.metadata.internal.MetaDataServiceImpl@3e3ac8b4
      applicationMetaDataManager = class com.ibm.ws.container.service.metadata.internal.ApplicationMetaDataManager@51f66173
      moduleMetaDataManager = class com.ibm.ws.container.service.metadata.internal.ModuleMetaDataManager@3fbc71b1
      componentMetaDataManager = class com.ibm.ws.container.service.metadata.internal.ComponentMetaDataManager@7deb94d5
      methodMetaDataManager = class com.ibm.ws.container.service.metadata.internal.MethodMetaDataManager@41d13d44
      appModuleNameToModuleContainer = class java.util.concurrent.ConcurrentHashMap@23ce21f4
      jeeNameToComponentMetaData = class java.util.concurrent.ConcurrentHashMap@7fa3edc5
      deferredMetaDataFactories = class com.ibm.wsspi.kernel.service.utils.ConcurrentServiceReferenceSet@5e4f93d8
      deferredMetaDataInitializers = class com.ibm.wsspi.kernel.service.utils.ConcurrentServiceReferenceMap@163cae48
      serialVersionUID = -2494605732980966097
      $$$tc$$$ = class com.ibm.websphere.ras.TraceComponent@47c36aa7
    namespacePopulated = false
    referenceContext = class com.ibm.ws.injectionengine.osgi.internal.OSGiReferenceContextImpl@2f0af0e1
      scopeData = class com.ibm.ws.injectionengine.osgi.internal.OSGiInjectionScopeData@700e3b41
      serialVersionUID = 521511923892134915
      $$$tc$$$ = class com.ibm.websphere.ras.TraceComponent@fd445e3
      CLASS_NAME = "com.ibm.ws.injectionengine.ReferenceContextImpl"
      tc = class com.ibm.websphere.ras.TraceComponent@27a899a9
      ivInjectionEngine = class com.ibm.ws.injectionengine.osgi.internal.OSGiInjectionEngineImpl@145e8a36
      ivProviders = class java.util.ArrayList@e8f6662
      ivComponentJavaContext = null
      ivComponentNameSpace = null
      ivJavaColonCompEnvMap = class java.util.LinkedHashMap@73ae9cd4
      ivEjbContext10 = class java.util.Properties@3e9d5845
      ivResourceRefConfigList = null
      isAlreadyProcessed = true
      ivProcessFailure = null
      ivInjectionTargetMap = class java.util.concurrent.ConcurrentHashMap@5e727a9a
      svInjTarMapCacheSize = 256
      ivDeclaredInjectionTargets = class java.util.HashMap@2b3bbb40
      ivProcessedInjectionClasses = class java.util.HashSet@2c74dacf
      svInjClassMapCacheSize = 512
      ivProcessedInjectionBindings = class java.util.ArrayList@787fe074
      ivAnyProcessDynamic = false
      ivCheckAppConfig = false
    j2eeNameFactory = class com.ibm.ws.container.service.metadata.internal.J2EENameFactoryImpl@6ea0ad72
      serialVersionUID = 3486344295038028821
      $$$tc$$$ = class com.ibm.websphere.ras.TraceComponent@6e58116e
    moduleLoader = class com.ibm.ws.classloading.internal.AppClassLoader@31ff689
      tc = class com.ibm.websphere.ras.TraceComponent@1beff2a7
      disableSharedClassesCache = false
      PARENT_FIRST_SEARCH_ORDER = class java.util.Collections$UnmodifiableRandomAccessList@63cd9372
      packagesDefined = class java.util.Collections$SetFromMap@50c29b50
      CLASS_LOADING_TRACE_PREFIX = "com.ibm.ws.class.load."
      DEFAULT_PACKAGE = "default.package"
      perPackageClassLoadingTraceComponents = class java.util.concurrent.ConcurrentHashMap@475aaab3
      config = class com.ibm.ws.classloading.internal.ClassLoaderConfigurationImpl@22a3655f
      privateLibraries = null
      delegateLoaders = class com.ibm.ws.classloading.internal.util.CompositeIterable@2d7a347a
      nativeLibraryFiles = class java.util.ArrayList@69a6229e
      transformers = class java.util.ArrayList@7bbb122b
      apiAccess = class com.ibm.ws.classloading.internal.GatewayClassLoader@258fe7f9
      generator = class com.ibm.ws.classloading.internal.ClassGeneratorManager@420b099e
      protectionDomains = class java.util.concurrent.ConcurrentHashMap@3eae3c41
      parent = class com.ibm.ws.classloading.internal.GatewayClassLoader@258fe7f9
      hook = null
      serialVersionUID = 8734164900246230615
      tc = class com.ibm.websphere.ras.TraceComponent@2ec7391
      smartClassPath = class com.ibm.ws.classloading.internal.ContainerClassLoader$SmartClassPathImpl@66445bd8
      nativeLibraryContainers = class java.util.ArrayList@45cd3771
      redefiner = class com.ibm.ws.classloading.internal.util.ClassRedefiner@5f9091af
      jarProtocol = "wsjar:"
      mapCreationQueue = class java.util.concurrent.Executors$FinalizableDelegatedExecutorService@1093f228
      serialVersionUID = 6399598832433768509
      serialVersionUID = 1837293532091806117
      $$$tc$$$ = class com.ibm.websphere.ras.TraceComponent@6e679697
      serialVersionUID = -4586727107834513475
      $$$tc$$$ = class com.ibm.websphere.ras.TraceComponent@455c51fd
      serialVersionUID = -7709588811276454856
      $$$tc$$$ = class com.ibm.websphere.ras.TraceComponent@133d5aca
      initialized = true
      pdcache = class java.util.HashMap@544de179
      debug = null
      parent = class com.ibm.ws.classloading.internal.GatewayClassLoader@258fe7f9
      parallelLockMap = class java.util.concurrent.ConcurrentHashMap@7897323e
      package2certs = class java.util.concurrent.ConcurrentHashMap@23d1c96a
      nocerts = class java.security.cert.Certificate[0]
      classes = class java.util.Vector@2cdc7d8a
      defaultDomain = class java.security.ProtectionDomain@17211741
      packages = class java.util.HashMap@56e6c159
      scl = class sun.misc.Launcher$AppClassLoader@18b4aac2
      sclSet = true
      loadedLibraryNames = class java.util.Vector@7bd1c876
      systemNativeLibraries = class java.util.Vector@342ecaab
      nativeLibraries = class java.util.Vector@2b2a4870
      nativeLibraryContext = class java.util.Stack@4ba6b845
      usr_paths = class java.lang.String[7]
      sys_paths = class java.lang.String[1]
      assertionLock = class java.lang.Object@5e80bf9
      defaultAssertionStatus = false
      packageAssertionStatus = null
      classAssertionStatus = null
    webAppConfig = class com.ibm.ws.webcontainer.osgi.webapp.WebAppConfiguration@24f44b4c
    extensionProcessingDisabled = false
    managedObjectService = class com.ibm.ws.managedobject.internal.ManagedObjectServiceImpl@9a47f43
      serialVersionUID = -5207896281925798415
      $$$tc$$$ = class com.ibm.websphere.ras.TraceComponent@43c8e5d3
    internalServletMetaData = interface com.ibm.wsspi.webcontainer.metadata.WebComponentMetaData[2]
      WebComponentMetaData[0] = null
      WebComponentMetaData[1] = null
    loginProcessor = null
    logoutProcessor = null
    collabHelper = class com.ibm.ws.webcontainer.osgi.collaborator.CollaboratorHelperImpl@63ef72bd
    envObject = class com.ibm.ws.util.WSThreadLocal@5d4cf67e
      tc = class com.ibm.ejs.ras.TraceComponent@810cb4a
      count = 7
      index = 2
      SUSPECTED_MISUSAGE_THRESHOLD = 200
      threadLocalHashCode = 575219410
      nextHashCode = class java.util.concurrent.atomic.AtomicInteger@6f674eb0
      HASH_INCREMENT = 1640531527
    orderedLibPaths = class java.util.Collections$UnmodifiableRandomAccessList@5344cbc9
    perm = class com.ibm.websphere.security.WebSphereRuntimePermission@eec9427
      serialVersionUID = -3306242789188168337
      $$$tc$$$ = class com.ibm.websphere.ras.TraceComponent@2c5d9117
      serialVersionUID = 6279438298436773498
      wildcard = false
      path = "accessServletContext"
      exitVM = false
      serialVersionUID = -5636570222231596674
      name = "accessServletContext"
    WELCOME_FILE_LIST = "com.ibm.ws.webcontainer.config.WelcomeFileList"
    DIR_BROWSING_MAPPING = "__dirBrowsing__1625644062381"
    FILTER_PROXY_MAPPING = "/__filterProxy__1625644062381"
    logger = class com.ibm.ws.logging.internal.WsLogger@6c58902
    CLASS_NAME = "com.ibm.ws.webcontainer.webapp.WebApp"
    loader = class com.ibm.ws.classloading.internal.ThreadContextClassLoader@588d823f
      tc = class com.ibm.websphere.ras.TraceComponent@2cc55236
      bundle = class java.util.concurrent.atomic.AtomicReference@a40516f
      key = "WebModule:guide-rest-intro#guide-rest-intro.war"
      refCount = class java.util.concurrent.atomic.AtomicInteger@42eb8e97
      appLoader = class com.ibm.ws.classloading.internal.AppClassLoader@31ff689
      clSvc = class com.ibm.ws.classloading.internal.ClassLoadingServiceImpl@41d14942
      serialVersionUID = 846416563800781557
      tc = class com.ibm.websphere.ras.TraceComponent@2d8d83f6
      followOnClassLoaders = class java.util.ArrayList@299116ce
      serialVersionUID = 8829649920524275888
      serialVersionUID = -4586727107834513475
      $$$tc$$$ = class com.ibm.websphere.ras.TraceComponent@455c51fd
      serialVersionUID = -7709588811276454856
      $$$tc$$$ = class com.ibm.websphere.ras.TraceComponent@133d5aca
      initialized = true
      pdcache = class java.util.HashMap@2152e1ba
      debug = null
      parent = class com.ibm.ws.classloading.internal.GatewayClassLoader@72c05a62
      parallelLockMap = class java.util.concurrent.ConcurrentHashMap@3f535c31
      package2certs = class java.util.concurrent.ConcurrentHashMap@740399c0
      nocerts = class java.security.cert.Certificate[0]
      classes = class java.util.Vector@5505c6e8
      defaultDomain = class java.security.ProtectionDomain@636cb2c3
      packages = class java.util.HashMap@467bc84b
      scl = class sun.misc.Launcher$AppClassLoader@18b4aac2
      sclSet = true
      loadedLibraryNames = class java.util.Vector@7bd1c876
      systemNativeLibraries = class java.util.Vector@342ecaab
      nativeLibraries = class java.util.Vector@2e5e94dd
      nativeLibraryContext = class java.util.Stack@4ba6b845
      usr_paths = class java.lang.String[7]
      sys_paths = class java.lang.String[1]
      assertionLock = class java.lang.Object@55973578
      defaultAssertionStatus = false
      packageAssertionStatus = null
      classAssertionStatus = null
    facade = class com.ibm.ws.webcontainer40.facade.ServletContextFacade40@b99e7bb
      context = class com.ibm.ws.webcontainer40.osgi.webapp.WebApp40@422b7e17
    features = class java.util.ArrayList@26cc15e1
      serialVersionUID = 8683452581122892189
      DEFAULT_CAPACITY = 10
      EMPTY_ELEMENTDATA = class java.lang.Object[0]
      DEFAULTCAPACITY_EMPTY_ELEMENTDATA = class java.lang.Object[0]
      elementData = class java.lang.Object[0]
      size = 0
      MAX_ARRAY_SIZE = 2147483639
      modCount = 0
      MAX_ARRAY_SIZE = 2147483639
    applicationName = "guide-rest-intro"
    config = class com.ibm.ws.webcontainer.osgi.webapp.WebAppConfiguration@24f44b4c
    securityEnabledForApp = false
    webExtensionProcessor = class com.ibm.ws.webcontainer.osgi.extension.WebExtensionProcessor@1c09f840
      webApp = class com.ibm.ws.webcontainer40.osgi.webapp.WebApp40@422b7e17
      extensionContext = class com.ibm.ws.webcontainer40.osgi.webapp.WebApp40@422b7e17
    production = true
    isServlet23 = true
    contextPath = "/LibertyProject"
    internalServletList = class [Ljava.lang.String;[2]
      String[][0] = class java.lang.String[2]
      String[][1] = class java.lang.String[2]
    BY_NAME_ONLY = "/_1625644062385_/"
    filterManager = class com.ibm.ws.webcontainer.osgi.filter.WebAppFilterManagerImpl@1d78d594
    documentRoot = null
    SERVLET_API_VERSION = "Servlet 2.5"
    disableServletAuditLogging = -1
    serverInfo = "IBM WebSphere Liberty/21.0.0.6"
    sessionCtx = class com.ibm.ws.webcontainer31.session.impl.HttpSessionContext31Impl@32ce8f0b
      methodClassName = "HttpSessionContextImpl"
      _smc = class com.ibm.ws.session.SessionManagerConfig@7645179a
      sessionStoreService = null
      _sap = class com.ibm.ws.session.SessionApplicationParameters@4eb80d5e
      _coreHttpSessionManager = class com.ibm.ws.session.SessionManager@622cfe72
      _coreHttpAppSessionManager = null
      _sam = class com.ibm.ws.webcontainer.session.impl.SessionAffinityManagerImpl@b7f98d3
      isSIPApplication = false
      sessionAttributeListener = false
      sessionListener = false
      mHttpSessionAttributeListeners = class java.util.ArrayList@77218802
      mHttpSessionListeners = class java.util.ArrayList@797da945
      mHttpSessionIdListeners = class java.util.ArrayList@7ca70776
      mHttpSessionAttributeListenersJ2eeNames = class java.util.ArrayList@b69a131
      mHttpSessionListenersJ2eeNames = class java.util.ArrayList@707349c6
      mHttpSessionIdListenersJ2eeNames = class java.util.ArrayList@6450e10c
      mLocalHost = null
      _refCount = 1
      currentThreadSacHashtable = null
      methodClassName = "SessionContext"
      ANONYMOUS_USER = "anonymous"
      wasHttpSessionObserver = class com.ibm.ws.session.WasHttpSessionObserver@2008d647
      wasHttpSessionAttributeObserver = null
      _invalidator = class com.ibm.ws.session.SessionInvalidatorWithThreadPool@66ae9b5e
      _storer = class com.ibm.ws.session.EOSSessionStorer@cf9c334
      wasHttpAppSessionObserver = null
      mHttpAppSessionListeners = null
      cmvcInfo = "CMVC Version 1.9 6/24/07 11:12:24"
      _loggedVersion = true
      CREATE_CORE_SESSION_MANAGER = 0
      GET_REQUESTED_SESSION_ID = 1
      GET_IHTTP_SESSION = 2
      SESSION_PRE_INVOKE = 3
      SESSION_POST_INVOKE = 4
      STOP = 5
      STOP_LISTENERS = 6
      IS_VALID = 7
      ENCODE_URL = 8
      SHOULD_ENCODE_URL = 9
      IS_PROTOCOL_SWITCH = 10
      GET_LOCAL_HOST = 11
      ADD_HTTP_SESSION_ATTRIBUTE_LISTENER = 12
      ADD_HTTP_SESSION_LISTENER = 13
      GET_SESSION_AFFINITY_CONTEXT = 14
      CHECK_SECURITY = 15
      INVALIDATE = 16
      CHECK_SESSSIONID_IS_RIGHT_LENGTH = 17
      LOCK_SESSION = 18
      UNLOCK_SESSION = 19
      ADD_HTTP_SESSION_ID_LISTENER = 20
      methodNames = class java.lang.String[21]
    eventSource = class com.ibm.ws.webcontainer.webapp.WebAppEventSource@3d6c2fc1
    nls = class com.ibm.ejs.ras.TraceNLS@746be7ae
      resolver = class com.ibm.ws.logging.internal.TraceNLSResolver@5bc55166
      finder = null
      ivBundleName = "com.ibm.ws.webcontainer.resources.Messages"
      caller = class java.lang.Class@5250bb2
    liberty_nls = class com.ibm.ejs.ras.TraceNLS@2773da9b
      resolver = class com.ibm.ws.logging.internal.TraceNLSResolver@5bc55166
      finder = null
      ivBundleName = "com.ibm.ws.webcontainer.resources.LShimMessages"
      caller = class java.lang.Class@5250bb2
    error_nls = class com.ibm.ejs.ras.TraceNLS@2189e865
      resolver = class com.ibm.ws.logging.internal.TraceNLSResolver@5bc55166
      finder = null
      ivBundleName = "com.ibm.ws.webcontainer.resources.ErrorPage"
      caller = class java.lang.Class@5250bb2
    sessionListeners = class java.util.ArrayList@67f98d88
      serialVersionUID = 8683452581122892189
      DEFAULT_CAPACITY = 10
      EMPTY_ELEMENTDATA = class java.lang.Object[0]
      DEFAULTCAPACITY_EMPTY_ELEMENTDATA = class java.lang.Object[0]
      elementData = class java.lang.Object[0]
      size = 0
      MAX_ARRAY_SIZE = 2147483639
      modCount = 1
      MAX_ARRAY_SIZE = 2147483639
    sessionIdListeners = class java.util.ArrayList@4c84504e
      serialVersionUID = 8683452581122892189
      DEFAULT_CAPACITY = 10
      EMPTY_ELEMENTDATA = class java.lang.Object[0]
      DEFAULTCAPACITY_EMPTY_ELEMENTDATA = class java.lang.Object[0]
      elementData = class java.lang.Object[0]
      size = 0
      MAX_ARRAY_SIZE = 2147483639
      modCount = 0
      MAX_ARRAY_SIZE = 2147483639
    sessionAttrListeners = class java.util.ArrayList@751aec47
      serialVersionUID = 8683452581122892189
      DEFAULT_CAPACITY = 10
      EMPTY_ELEMENTDATA = class java.lang.Object[0]
      DEFAULTCAPACITY_EMPTY_ELEMENTDATA = class java.lang.Object[0]
      elementData = class java.lang.Object[0]
      size = 0
      MAX_ARRAY_SIZE = 2147483639
      modCount = 1
      MAX_ARRAY_SIZE = 2147483639
    addedSessionListeners = class java.util.ArrayList@1bbef841
      serialVersionUID = 8683452581122892189
      DEFAULT_CAPACITY = 10
      EMPTY_ELEMENTDATA = class java.lang.Object[0]
      DEFAULTCAPACITY_EMPTY_ELEMENTDATA = class java.lang.Object[0]
      elementData = class java.lang.Object[0]
      size = 0
      MAX_ARRAY_SIZE = 2147483639
      modCount = 0
      MAX_ARRAY_SIZE = 2147483639
    addedSessionAttrListeners = class java.util.ArrayList@3000b373
      serialVersionUID = 8683452581122892189
      DEFAULT_CAPACITY = 10
      EMPTY_ELEMENTDATA = class java.lang.Object[0]
      DEFAULTCAPACITY_EMPTY_ELEMENTDATA = class java.lang.Object[0]
      elementData = class java.lang.Object[0]
      size = 0
      MAX_ARRAY_SIZE = 2147483639
      modCount = 0
      MAX_ARRAY_SIZE = 2147483639
    servletContextListeners = class java.util.ArrayList@5ee8831d
      serialVersionUID = 8683452581122892189
      DEFAULT_CAPACITY = 10
      EMPTY_ELEMENTDATA = class java.lang.Object[0]
      DEFAULTCAPACITY_EMPTY_ELEMENTDATA = class java.lang.Object[0]
      elementData = class java.lang.Object[0]
      size = 0
      MAX_ARRAY_SIZE = 2147483639
      modCount = 1
      MAX_ARRAY_SIZE = 2147483639
    servletContextLAttrListeners = class java.util.ArrayList@7cb22453
      serialVersionUID = 8683452581122892189
      DEFAULT_CAPACITY = 10
      EMPTY_ELEMENTDATA = class java.lang.Object[0]
      DEFAULTCAPACITY_EMPTY_ELEMENTDATA = class java.lang.Object[0]
      elementData = class java.lang.Object[0]
      size = 0
      MAX_ARRAY_SIZE = 2147483639
      modCount = 1
      MAX_ARRAY_SIZE = 2147483639
    servletRequestListeners = class java.util.ArrayList@10a2a774
      serialVersionUID = 8683452581122892189
      DEFAULT_CAPACITY = 10
      EMPTY_ELEMENTDATA = class java.lang.Object[0]
      DEFAULTCAPACITY_EMPTY_ELEMENTDATA = class java.lang.Object[0]
      elementData = class java.lang.Object[0]
      size = 0
      MAX_ARRAY_SIZE = 2147483639
      modCount = 1
      MAX_ARRAY_SIZE = 2147483639
    servletRequestLAttrListeners = class java.util.ArrayList@258c1538
      serialVersionUID = 8683452581122892189
      DEFAULT_CAPACITY = 10
      EMPTY_ELEMENTDATA = class java.lang.Object[0]
      DEFAULTCAPACITY_EMPTY_ELEMENTDATA = class java.lang.Object[0]
      elementData = class java.lang.Object[0]
      size = 0
      MAX_ARRAY_SIZE = 2147483639
      modCount = 1
      MAX_ARRAY_SIZE = 2147483639
    prependSlashToResource = false
    destroyed = false
    webAppNameSpaceCollab = class com.ibm.ws.webcontainer.osgi.collaborator.WebAppNameSpaceCollaboratorImpl@1c36ba04
    txCollab = class com.ibm.ws.webcontainer.collaborator.WebAppTransactionCollaborator@311563a7
    sessionActivationListeners = class java.util.ArrayList@3f669aff
      serialVersionUID = 8683452581122892189
      DEFAULT_CAPACITY = 10
      EMPTY_ELEMENTDATA = class java.lang.Object[0]
      DEFAULTCAPACITY_EMPTY_ELEMENTDATA = class java.lang.Object[0]
      elementData = class java.lang.Object[0]
      size = 0
      MAX_ARRAY_SIZE = 2147483639
      modCount = 1
      MAX_ARRAY_SIZE = 2147483639
    sessionBindingListeners = class java.util.ArrayList@521ba1fc
      serialVersionUID = 8683452581122892189
      DEFAULT_CAPACITY = 10
      EMPTY_ELEMENTDATA = class java.lang.Object[0]
      DEFAULTCAPACITY_EMPTY_ELEMENTDATA = class java.lang.Object[0]
      elementData = class java.lang.Object[0]
      size = 0
      MAX_ARRAY_SIZE = 2147483639
      modCount = 1
      MAX_ARRAY_SIZE = 2147483639
    scratchdir = null
    jspClassLoaderLimit = 0
    jspClassLoaderExclusionList = null
    jspClassLoadersMap = null
    jspClassLoaderLimitTrackIF = false
    defaultExtProc = null
    directoryBrowsingServlet = null
    cdiContexts = class java.util.concurrent.ConcurrentHashMap@578735cc
      serialVersionUID = 7249069246763182397
      MAXIMUM_CAPACITY = 1073741824
      DEFAULT_CAPACITY = 16
      MAX_ARRAY_SIZE = 2147483639
      DEFAULT_CONCURRENCY_LEVEL = 16
      LOAD_FACTOR = 0.75
      TREEIFY_THRESHOLD = 8
      UNTREEIFY_THRESHOLD = 6
      MIN_TREEIFY_CAPACITY = 64
      MIN_TRANSFER_STRIDE = 16
      RESIZE_STAMP_BITS = 16
      MAX_RESIZERS = 65535
      RESIZE_STAMP_SHIFT = 16
      MOVED = -1
      TREEBIN = -2
      RESERVED = -3
      HASH_BITS = 2147483647
      NCPU = 8
      serialPersistentFields = class java.io.ObjectStreamField[3]
      table = null
      nextTable = null
      baseCount = 0
      sizeCtl = 0
      transferIndex = 0
      cellsBusy = 0
      counterCells = null
      keySet = null
      values = null
      entrySet = null
      U = class sun.misc.Unsafe@4a280055
      SIZECTL = 20
      TRANSFERINDEX = 32
      BASECOUNT = 24
      CELLSBUSY = 36
      CELLVALUE = 144
      ABASE = 16
      ASHIFT = 2
      keySet = null
      values = null
    moduleConfig = class com.ibm.ws.webcontainer.osgi.container.DeployedModule@1267cfd1
      tc = class com.ibm.websphere.ras.TraceComponent@46ebd842
      loader = class com.ibm.ws.classloading.internal.ThreadContextClassLoader@588d823f
      webApp = class com.ibm.ws.webcontainer40.osgi.webapp.WebApp40@422b7e17
      webAppConfig = class com.ibm.ws.webcontainer.osgi.webapp.WebAppConfiguration@24f44b4c
      contextRootAdded = class com.ibm.ws.threading.internal.NonCancelableResultFuture@4b4adc05
      properContextRoot = "/LibertyProject"
      mappingContextRoot = "/LibertyProject/*"
      initTaskCount = class java.util.concurrent.atomic.AtomicInteger@11e851cd
      initTasksDoneListener = class com.ibm.ws.webcontainer.osgi.WebContainer$2@7d389a7d
      serialVersionUID = -2104814060051592457
      $$$tc$$$ = class com.ibm.websphere.ras.TraceComponent@53d5f0ee
    extensionFactories = class java.util.ArrayList@195d0e00
      serialVersionUID = 8683452581122892189
      DEFAULT_CAPACITY = 10
      EMPTY_ELEMENTDATA = class java.lang.Object[0]
      DEFAULTCAPACITY_EMPTY_ELEMENTDATA = class java.lang.Object[0]
      elementData = class java.lang.Object[10]
      size = 2
      MAX_ARRAY_SIZE = 2147483639
      modCount = 2
      MAX_ARRAY_SIZE = 2147483639
    initialized = true
    lock = class com.ibm.ws.webcontainer.webapp.WebApp$1@16c65896
      this$0 = class com.ibm.ws.webcontainer40.osgi.webapp.WebApp40@422b7e17
    afterServletContextCreated = false
    redirectContextRoot = false
    errorExceptionTypeFirst = false
    initFilterBeforeServletInit = false
    SET_400_SC_ON_TOO_MANY_PARENT_DIRS = false
    sortedServletConfigs = class java.util.ArrayList@788136d7
      serialVersionUID = 8683452581122892189
      DEFAULT_CAPACITY = 10
      EMPTY_ELEMENTDATA = class java.lang.Object[0]
      DEFAULTCAPACITY_EMPTY_ELEMENTDATA = class java.lang.Object[0]
      elementData = class java.lang.Object[10]
      size = 1
      MAX_ARRAY_SIZE = 2147483639
      modCount = 1
      MAX_ARRAY_SIZE = 2147483639
    effectiveMajorVersion = 3
    effectiveMinorVersion = 1
    canAddServletContextListener = true
    withinContextInitOfProgAddListener = false
    lastProgAddListenerInitialized = null
    webInfLibClassloader = null
    metaInfCache = class com.ibm.ws.webcontainer.webapp.WebApp$2@54347751
      this$0 = class com.ibm.ws.webcontainer40.osgi.webapp.WebApp40@422b7e17
      serialVersionUID = 3801124242820219131
      head = null
      tail = null
      accessOrder = true
      serialVersionUID = 362498820763181265
      DEFAULT_INITIAL_CAPACITY = 16
      MAXIMUM_CAPACITY = 1073741824
      DEFAULT_LOAD_FACTOR = 0.75
      TREEIFY_THRESHOLD = 8
      UNTREEIFY_THRESHOLD = 6
      MIN_TREEIFY_CAPACITY = 64
      table = null
      entrySet = null
      size = 0
      modCount = 0
      threshold = 32
      loadFactor = 1.0
      keySet = null
      values = null
    useMetaInfCache = true
    SUN_CONFIGURE_LISTENER_CLASSNAME = "com.sun.faces.config.ConfigureListener"
    MYFACES_LIFECYCLE_LISTENER_CLASSNAME = "org.apache.myfaces.webapp.StartupServletContextListener"
    JSF_IMPL_ENABLED_PARAM = "com.ibm.ws.jsf.JSF_IMPL_ENABLED"
    JSF_IMPL_ENABLED_CUSTOM = "Custom"
    JSF_IMPL_ENABLED_NONE = "None"
    staticDocRoot = class com.ibm.ws.webcontainer.util.DocumentRootUtils@25e85ed9
      logger = class com.ibm.ws.logging.internal.WsLogger@7270d191
      CLASS_NAME = "com.ibm.ws.webcontainer.util.DocumentRootUtils"
      useContentLength = false
      matchedFile = null
      matchedZipFile = null
      matchedEntry = null
      matchedURL = null
      edrRoot = null
      pfedrRoot = null
      ctxt = class com.ibm.ws.webcontainer40.osgi.webapp.WebApp40@422b7e17
      baseDir = null
      edr = null
      pfedr = null
      metaInfRes = null
      searchpfEDR = true
      searchEDR = true
      searchMetaInfRes = true
      matchFromEDR = false
      matchFromMetaInfRes = false
      matchIsADirectory = false
      appConfig = class com.ibm.ws.webcontainer.osgi.webapp.WebAppConfiguration@24f44b4c
      attributeType = "staticFile"
      STATIC_FILE = "staticFile"
      JSP = "jsp"
      PFEDR = "preFragmentExtendedDocumentRoot"
      EDR = "extendedDocumentRoot"
    jspDocRoot = class com.ibm.ws.webcontainer.util.DocumentRootUtils@14ea01a
      logger = class com.ibm.ws.logging.internal.WsLogger@7270d191
      CLASS_NAME = "com.ibm.ws.webcontainer.util.DocumentRootUtils"
      useContentLength = false
      matchedFile = null
      matchedZipFile = null
      matchedEntry = null
      matchedURL = null
      edrRoot = null
      pfedrRoot = null
      ctxt = class com.ibm.ws.webcontainer40.osgi.webapp.WebApp40@422b7e17
      baseDir = null
      edr = null
      pfedr = null
      metaInfRes = null
      searchpfEDR = true
      searchEDR = true
      searchMetaInfRes = true
      matchFromEDR = false
      matchFromMetaInfRes = false
      matchIsADirectory = false
      appConfig = class com.ibm.ws.webcontainer.osgi.webapp.WebAppConfiguration@24f44b4c
      attributeType = "jsp"
      STATIC_FILE = "staticFile"
      JSP = "jsp"
      PFEDR = "preFragmentExtendedDocumentRoot"
      EDR = "extendedDocumentRoot"
    container = class com.ibm.ws.adaptable.module.internal.AdaptableContainerImpl@4f059300
      root = class com.ibm.ws.adaptable.module.internal.AdaptableContainerImpl@4f059300
      rootOverlay = class com.ibm.ws.artifact.overlay.internal.DirectoryBasedOverlayContainerImpl@3bf767d
      factoryHolder = class com.ibm.ws.adaptable.module.internal.AdaptableModuleFactoryImpl@a113694
      delegate = class com.ibm.ws.artifact.overlay.internal.DirectoryBasedOverlayContainerImpl@3bf767d
      notifier = class com.ibm.ws.adaptable.module.internal.NotifierImpl@62b4e0c7
      serialVersionUID = -5950528200509051684
      $$$tc$$$ = class com.ibm.websphere.ras.TraceComponent@502f2bc4
    metaInfResourceFinder = class com.ibm.ws.webcontainer.util.MetaInfResourceFinder@7088196a
      jarResourceContainers = class java.util.ArrayList@6de78610
      container = class com.ibm.ws.adaptable.module.internal.AdaptableContainerImpl@4f059300
    postConstructMethods = class com.ibm.ws.webcontainer.webapp.WebApp$AnnotatedMethods@7f176d5
      annotationClass = class java.lang.Class@2184e191
      noOpClassNames = class java.util.HashSet@4f5e9af0
      annotatedMethodNames = class java.util.concurrent.ConcurrentHashMap@1e59bb6b
      EMPTY_METHODS = class java.lang.reflect.Method[0]
    preDestroyMethods = class com.ibm.ws.webcontainer.webapp.WebApp$AnnotatedMethods@6008fe64
      annotationClass = class java.lang.Class@639c71e
      noOpClassNames = class java.util.HashSet@1a691763
      annotatedMethodNames = class java.util.concurrent.ConcurrentHashMap@7154a303
      EMPTY_METHODS = class java.lang.reflect.Method[0]
    OBJ_EMPTY = class java.lang.Object[0]
    CLASS_EMPTY = class java.lang.Class[0]
    DEFAULT_JSP_EXTENSIONS = class java.util.ArrayList@1432dc0f
      serialVersionUID = 8683452581122892189
      DEFAULT_CAPACITY = 10
      EMPTY_ELEMENTDATA = class java.lang.Object[0]
      DEFAULTCAPACITY_EMPTY_ELEMENTDATA = class java.lang.Object[0]
      elementData = class java.lang.Object[10]
      size = 4
      MAX_ARRAY_SIZE = 2147483639
      modCount = 4
      MAX_ARRAY_SIZE = 2147483639
    DEFER_SERVLET_REQUEST_LISTENER_DESTROY_ON_ERROR = false
    DO_ACCEPT_PARTIAL = true
    DO_NOT_ACCEPT_PARTIAL = false
    DO_ACCEPT_EXCLUDED = true
    DO_NOT_ACCEPT_EXCLUDED = false
    commands = class java.util.ArrayList@280a5939
      serialVersionUID = 8683452581122892189
      DEFAULT_CAPACITY = 10
      EMPTY_ELEMENTDATA = class java.lang.Object[0]
      DEFAULTCAPACITY_EMPTY_ELEMENTDATA = class java.lang.Object[0]
      elementData = class java.lang.Object[3]
      size = 0
      MAX_ARRAY_SIZE = 2147483639
      modCount = 0
      MAX_ARRAY_SIZE = 2147483639
    requestMapper = class com.ibm.wsspi.webcontainer.util.URIMapper@f566982
      matcher = class com.ibm.wsspi.webcontainer40.util.URIMatcher40@471d29a6
    parent = class com.ibm.ws.webcontainer.osgi.webapp.WebGroup@d861ec3
      tc = class com.ibm.websphere.ras.TraceComponent@733d913c
      logger = class com.ibm.ws.logging.internal.WsLogger@6c58902
      CLASS_NAME = "com.ibm.ws.webcontainer.webapp.WebGroup"
      sessUrlRewritePrefix = ";jsessionid="
      qMark = "?"
      config = class com.ibm.ws.webcontainer.osgi.webapp.WebGroupConfiguration@72751cc4
      webApp = class com.ibm.ws.webcontainer40.osgi.webapp.WebApp40@422b7e17
      commands = class java.util.ArrayList@4e44d2ed
      requestMapper = null
      parent = class com.ibm.ws.webcontainer.osgi.DynamicVirtualHost@8e5e585
      name = "/LibertyProject/*"
      isAlive = true
      subElements = class java.util.HashMap@ad70161
      attributes = null
      config = null
      serialVersionUID = -8271459000149267764
      $$$tc$$$ = class com.ibm.websphere.ras.TraceComponent@7c7e21ce
    name = "guide-rest-intro"
    isAlive = true
    subElements = null
    attributes = class java.util.concurrent.ConcurrentHashMap@5d71390c
      serialVersionUID = 7249069246763182397
      MAXIMUM_CAPACITY = 1073741824
      DEFAULT_CAPACITY = 16
      MAX_ARRAY_SIZE = 2147483639
      DEFAULT_CONCURRENCY_LEVEL = 16
      LOAD_FACTOR = 0.75
      TREEIFY_THRESHOLD = 8
      UNTREEIFY_THRESHOLD = 6
      MIN_TREEIFY_CAPACITY = 64
      MIN_TRANSFER_STRIDE = 16
      RESIZE_STAMP_BITS = 16
      MAX_RESIZERS = 65535
      RESIZE_STAMP_SHIFT = 16
      MOVED = -1
      TREEBIN = -2
      RESERVED = -3
      HASH_BITS = 2147483647
      NCPU = 8
      serialPersistentFields = class java.io.ObjectStreamField[3]
      table = class java.util.concurrent.ConcurrentHashMap$Node[16]
      nextTable = null
      baseCount = 9
      sizeCtl = 12
      transferIndex = 0
      cellsBusy = 0
      counterCells = null
      keySet = null
      values = null
      entrySet = null
      U = class sun.misc.Unsafe@4a280055
      SIZECTL = 20
      TRANSFERINDEX = 32
      BASECOUNT = 24
      CELLSBUSY = 36
      CELLVALUE = 144
      ABASE = 16
      ASHIFT = 2
      keySet = null
      values = null
    config = null
    serialVersionUID = -8271459000149267764
    $$$tc$$$ = class com.ibm.websphere.ras.TraceComponent@7c7e21ce
      strings[0] = "TraceComponent[com.ibm.ws.container.AbstractContainer,class com.ibm.ws.container.AbstractContainer,[],null,null]"
  collabHelper = class com.ibm.ws.webcontainer.osgi.collaborator.CollaboratorHelperImpl@63ef72bd
    webAppInvCollabs = class java.util.Collections$UnmodifiableSet@78f9151d
      serialVersionUID = -9215047833775013803
      serialVersionUID = 1820017752578914078
      c = class java.util.concurrent.CopyOnWriteArraySet@3f3465c8
    securityDomainForApp = null
    logger = class com.ibm.ws.logging.internal.WsLogger@6369cce1
      ivCachedResourceBundleName = null
      ivCachedResourceBundle = null
      ivComponent = null
      ivOrganization = null
      ivProduct = null
      ivMinimumLocalizationLevelIntValue = 625
      ivTC = class com.ibm.websphere.ras.TraceComponent@74d674e5
      loggerRegistrationComponent = class java.lang.ThreadLocal@5c9a3ba6
      emptyHandlers = class java.util.logging.Handler[0]
      offValue = 2147483647
      SYSTEM_LOGGER_RB_NAME = "sun.util.logging.resources.logging"
      SYSTEM_BUNDLE = class java.util.logging.Logger$LoggerBundle@6c21e233
      NO_RESOURCE_BUNDLE = class java.util.logging.Logger$LoggerBundle@3727bb67
      manager = class com.ibm.ws.kernel.boot.logging.WsLogManager@3aede12e
      name = "com.ibm.ws.webcontainer.collaborator"
      handlers = class java.util.concurrent.CopyOnWriteArrayList@7e25cd4e
      loggerBundle = class java.util.logging.Logger$LoggerBundle@21ca7ffb
      useParentHandlers = true
      filter = null
      anonymous = false
      catalog = class com.ibm.ws.webcontainer.resources.Messages_cs@b77c536
      catalogName = "com.ibm.ws.webcontainer.resources.Messages"
      catalogLocale = class java.util.Locale@5ec6a1e7
      treeLock = class java.lang.Object@2b867bba
      parent = class com.ibm.ws.logging.internal.WsLogger@275c8212
      kids = null
      levelObject = class java.util.logging.Level@1237adba
      levelValue = 800
      callersClassLoaderRef = class java.lang.ref.WeakReference@1d3fe2e9
      isSystemLogger = false
      GLOBAL_LOGGER_NAME = "global"
      global = class java.util.logging.Logger@22d9529b
      $assertionsDisabled = true
    staticDefaultSecurityCollaborator = class com.ibm.ws.webcontainer.collaborator.WebAppSecurityCollaborator@3112a372
    logger = class com.ibm.ws.logging.internal.WsLogger@2c57036e
      ivCachedResourceBundleName = null
      ivCachedResourceBundle = null
      ivComponent = null
      ivOrganization = null
      ivProduct = null
      ivMinimumLocalizationLevelIntValue = 625
      ivTC = class com.ibm.websphere.ras.TraceComponent@2d669899
      loggerRegistrationComponent = class java.lang.ThreadLocal@5c9a3ba6
      emptyHandlers = class java.util.logging.Handler[0]
      offValue = 2147483647
      SYSTEM_LOGGER_RB_NAME = "sun.util.logging.resources.logging"
      SYSTEM_BUNDLE = class java.util.logging.Logger$LoggerBundle@6c21e233
      NO_RESOURCE_BUNDLE = class java.util.logging.Logger$LoggerBundle@3727bb67
      manager = class com.ibm.ws.kernel.boot.logging.WsLogManager@3aede12e
      name = "com.ibm.wsspi.webcontainer.collaborator"
      handlers = class java.util.concurrent.CopyOnWriteArrayList@47c32738
      loggerBundle = class java.util.logging.Logger$LoggerBundle@5c554f0c
      useParentHandlers = true
      filter = null
      anonymous = false
      catalog = class com.ibm.ws.webcontainer.resources.Messages_cs@b77c536
      catalogName = "com.ibm.ws.webcontainer.resources.Messages"
      catalogLocale = class java.util.Locale@5ec6a1e7
      treeLock = class java.lang.Object@2b867bba
      parent = class com.ibm.ws.logging.internal.WsLogger@91288f8
      kids = null
      levelObject = class java.util.logging.Level@1237adba
      levelValue = 800
      callersClassLoaderRef = class java.lang.ref.WeakReference@16a11526
      isSystemLogger = false
      GLOBAL_LOGGER_NAME = "global"
      global = class java.util.logging.Logger@22d9529b
      $assertionsDisabled = true
    CLASS_NAME = "com.ibm.wsspi.webcontainer.collaborator.CollaboratorHelper"
    webApp = class com.ibm.ws.webcontainer40.osgi.webapp.WebApp40@422b7e17
    securityCollaborator = class com.ibm.ws.webcontainer.collaborator.WebAppSecurityCollaborator@3112a372
    nameSpaceCollaborator = class com.ibm.ws.webcontainer.osgi.collaborator.WebAppNameSpaceCollaboratorImpl@1c36ba04
      cmdai = class com.ibm.ws.threadContext.ComponentMetaDataAccessorImpl@6e8d88c8
    transactionCollaborator = class com.ibm.ws.webcontainer.collaborator.WebAppTransactionCollaborator@311563a7
      logger = class com.ibm.ws.logging.internal.WsLogger@6369cce1
      CLASS_NAME = "com.ibm.ws.webcontainer.collaborator.WebAppTransactionCollaborator"
    connectionCollaborator = class com.ibm.ws.webcontainer.collaborator.ConnectionHandleCollaborator@74c1c017
      tc = class com.ibm.websphere.ras.TraceComponent@50b418aa
      threadContext = class com.ibm.ws.threadContext.ThreadContextImpl@40999557
    allCollabEnum = class java.util.RegularEnumSet@6099e192
      serialVersionUID = 3411599620347842686
      elements = 511
      elementType = class java.lang.Class@2af67aa4
      universe = class com.ibm.wsspi.webcontainer.collaborator.CollaboratorInvocationEnum[9]
      ZERO_LENGTH_ENUM_ARRAY = class java.lang.Enum[0]
      MAX_ARRAY_SIZE = 2147483639
    servlet_23_or_greater = true
    DEFER_SERVLET_REQUEST_LISTENER_DESTROY_ON_ERROR = false
  secCollab = class com.ibm.ws.webcontainer.collaborator.WebAppSecurityCollaborator@3112a372
  sessionSecurityIntegrationEnabled = true
  assumeFilterSuccessOnSecurityError = false
  useOriginalRequestState = false
  _evtSource = class com.ibm.ws.webcontainer.webapp.WebAppEventSource@3d6c2fc1
    _invocationListeners = class com.ibm.ws.webcontainer.util.EventListeners@44c11bc
      EMPTY_LISTENERS = interface java.util.EventListener[0]
      logger = class com.ibm.ws.logging.internal.WsLogger@7270d191
      CLASS_NAME = "com.ibm.ws.webcontainer.util.EventListeners"
      listeners = interface java.util.EventListener[0]
    _servletListeners = class com.ibm.ws.webcontainer.util.EventListeners@4435bdc0
      EMPTY_LISTENERS = interface java.util.EventListener[0]
      logger = class com.ibm.ws.logging.internal.WsLogger@7270d191
      CLASS_NAME = "com.ibm.ws.webcontainer.util.EventListeners"
      listeners = interface java.util.EventListener[0]
    _errorListeners = class com.ibm.ws.webcontainer.util.EventListeners@7a323f8a
      EMPTY_LISTENERS = interface java.util.EventListener[0]
      logger = class com.ibm.ws.logging.internal.WsLogger@7270d191
      CLASS_NAME = "com.ibm.ws.webcontainer.util.EventListeners"
      listeners = interface java.util.EventListener[0]
    _applicationListeners = class com.ibm.ws.webcontainer.util.EventListeners@4c7203fd
      EMPTY_LISTENERS = interface java.util.EventListener[0]
      logger = class com.ibm.ws.logging.internal.WsLogger@7270d191
      CLASS_NAME = "com.ibm.ws.webcontainer.util.EventListeners"
      listeners = interface java.util.EventListener[0]
    _filterInvocationListeners = class com.ibm.ws.webcontainer.util.EventListeners@28d73a3e
      EMPTY_LISTENERS = interface java.util.EventListener[0]
      logger = class com.ibm.ws.logging.internal.WsLogger@7270d191
      CLASS_NAME = "com.ibm.ws.webcontainer.util.EventListeners"
      listeners = interface java.util.EventListener[0]
    _filterListeners = class com.ibm.ws.webcontainer.util.EventListeners@41e55959
      EMPTY_LISTENERS = interface java.util.EventListener[0]
      logger = class com.ibm.ws.logging.internal.WsLogger@7270d191
      CLASS_NAME = "com.ibm.ws.webcontainer.util.EventListeners"
      listeners = interface java.util.EventListener[0]
    _filterErrorListeners = class com.ibm.ws.webcontainer.util.EventListeners@2a40e080
      EMPTY_LISTENERS = interface java.util.EventListener[0]
      logger = class com.ibm.ws.logging.internal.WsLogger@7270d191
      CLASS_NAME = "com.ibm.ws.webcontainer.util.EventListeners"
      listeners = interface java.util.EventListener[0]
  defaultComponentMetaData = class com.ibm.ws.webcontainer.osgi.metadata.WebComponentMetaDataImpl@3b44bd0b
    j2eeName = class com.ibm.ws.container.service.metadata.internal.J2EENameImpl@6766b1f4
      serialVersionUID = 7488184044073147667
      application = "guide-rest-intro"
      module = "guide-rest-intro.war"
      component = null
      string = "guide-rest-intro#guide-rest-intro.war"
      j2eeNameBytes = null
      $$$tc$$$ = class com.ibm.websphere.ras.TraceComponent@7fff67c8
    webModuleMetaData = class com.ibm.ws.webcontainer.osgi.metadata.WebModuleMetaDataImpl@ca213d0
      applicationMetaData = class com.ibm.ws.container.service.app.deploy.internal.ApplicationMetaDataImpl@49bff1ab
      j2eeName = class com.ibm.ws.container.service.metadata.internal.J2EENameImpl@6766b1f4
      wccmd = class com.ibm.ws.webcontainer.osgi.metadata.WebCollaboratorComponentMetaDataImpl@4f8ad247
      securityMetaData = null
      annotatedSecurityMetaData = null
      webAppConfig = class com.ibm.ws.webcontainer.osgi.webapp.WebAppConfiguration@24f44b4c
      _isServlet23OrHigher = false
      jspComponentMetaData = null
      sessionCookieNameInUse = null
      mBeanServiceReg = null
      tc = class com.ibm.websphere.ras.TraceComponent@5fa935cc
      NUM_STATIC_SLOTS = 4
      ID_UNINITIALIZED = -1
      id = 2
      metaDataInterface = class java.lang.Class@3e554c30
      staticSlots = class java.lang.Object[4]
      dynamicSlots = null
    mBeanServiceReg = null
    tc = class com.ibm.websphere.ras.TraceComponent@5fa935cc
      strings[0] = "TraceComponent[com.ibm.ws.runtime.metadata.MetaDataImpl,class com.ibm.ws.runtime.metadata.MetaDataImpl,[Runtime],null,null]"
    NUM_STATIC_SLOTS = 4
    ID_UNINITIALIZED = -1
    id = 6
    metaDataInterface = class java.lang.Class@5cd94e50
      ANNOTATION = 8192
      ENUM = 16384
      SYNTHETIC = 4096
      cachedConstructor = null
      newInstanceCallerCache = null
      name = null
      allPermDomain = class java.security.ProtectionDomain@79ca7bae
      useCaches = true
      reflectionData = null
      classRedefinedCount = 0
      genericInfo = null
      serialVersionUID = 3206093459760846163
      serialPersistentFields = class java.io.ObjectStreamField[0]
      reflectionFactory = class sun.reflect.ReflectionFactory@29559664
      initted = true
      enumConstants = null
      enumConstantDirectory = null
      annotationData = null
      annotationType = null
      classValueMap = null
    staticSlots = class java.lang.Object[4]
      Object[0] = null
      Object[1] = null
      Object[2] = null
      Object[3] = null
    dynamicSlots = null
  DEFER_SERVLET_REQUEST_LISTENER_DESTROY_ON_ERROR = false

